#
# There is insufficient memory for the Java Runtime Environment to continue.
# Native memory allocation (malloc) failed to allocate 2544 bytes for AllocateHeap
# Possible reasons:
#   The system is out of physical RAM or swap space
#   The process is running with CompressedOops enabled, and the Java Heap may be blocking the growth of the native heap
# Possible solutions:
#   Reduce memory load on the system
#   Increase physical memory or swap space
#   Check if swap backing store is full
#   Decrease Java heap size (-Xmx/-Xms)
#   Decrease number of Java threads
#   Decrease Java thread stack sizes (-Xss)
#   Set larger code cache with -XX:ReservedCodeCacheSize=
#   JVM is running with Unscaled Compressed Oops mode in which the Java heap is
#     placed in the first 4GB address space. The Java Heap base address is the
#     maximum limit for the native heap growth. Please use -XX:HeapBaseMinAddress
#     to set the Java Heap base and to place the Java Heap above 4GB virtual address.
# This output file may be truncated or incomplete.
#
#  Out of Memory Error (./src/hotspot/share/memory/allocation.cpp:46), pid=13768, tid=14256
#
# JRE version: OpenJDK Runtime Environment 18.9 (11.0.15+10) (build 11.0.15+10)
# Java VM: OpenJDK 64-Bit Server VM 18.9 (11.0.15+10, mixed mode, tiered, compressed oops, g1 gc, windows-amd64)
# No core dump will be written. Minidumps are not enabled by default on client versions of Windows
#

---------------  S U M M A R Y ------------

Command Line: -XX:MaxMetaspaceSize=512m --add-opens=java.base/java.util=ALL-UNNAMED --add-opens=java.base/java.lang=ALL-UNNAMED --add-opens=java.base/java.lang.invoke=ALL-UNNAMED --add-opens=java.base/java.util=ALL-UNNAMED --add-opens=java.prefs/java.util.prefs=ALL-UNNAMED --add-opens=java.prefs/java.util.prefs=ALL-UNNAMED --add-opens=java.base/java.nio.charset=ALL-UNNAMED --add-opens=java.base/java.net=ALL-UNNAMED --add-opens=java.base/java.util.concurrent.atomic=ALL-UNNAMED -Xmx2048m -Dfile.encoding=windows-1252 -Duser.country=US -Duser.language=en -Duser.variant org.gradle.launcher.daemon.bootstrap.GradleDaemon 7.3.3

Host: Intel(R) Core(TM) i5-7300HQ CPU @ 2.50GHz, 4 cores, 3G,  Windows 10 , 64 bit Build 19041 (10.0.19041.1806)
Time: Thu Jul 28 19:00:01 2022 Pakistan Standard Time elapsed time: 30.585792 seconds (0d 0h 0m 30s)

---------------  T H R E A D  ---------------

Current thread (0x0000021996b24000):  JavaThread "Daemon worker" [_thread_in_vm, id=14256, stack(0x0000002369400000,0x0000002369500000)]

Stack: [0x0000002369400000,0x0000002369500000]
Native frames: (J=compiled Java code, j=interpreted, Vv=VM code, C=native code)
V  [jvm.dll+0x64dd3a]
V  [jvm.dll+0x7906c9]
V  [jvm.dll+0x791d9c]
V  [jvm.dll+0x792463]
V  [jvm.dll+0x265048]
V  [jvm.dll+0xc1054]
V  [jvm.dll+0x71d071]
V  [jvm.dll+0x71cc8a]
V  [jvm.dll+0x1e0a44]
V  [jvm.dll+0x1df4a2]
V  [jvm.dll+0x1e4894]
V  [jvm.dll+0x1d9c57]
V  [jvm.dll+0x51d3c5]
V  [jvm.dll+0x727899]
V  [jvm.dll+0x41c97e]
V  [jvm.dll+0x422b0b]
C  [java.dll+0x19c4]

Java frames: (J=compiled Java code, j=interpreted, Vv=VM code)
J 1295  java.lang.ClassLoader.defineClass1(Ljava/lang/ClassLoader;Ljava/lang/String;[BIILjava/security/ProtectionDomain;Ljava/lang/String;)Ljava/lang/Class; java.base@11.0.15 (0 bytes) @ 0x0000021987b675fb [0x0000021987b67540+0x00000000000000bb]
J 1070 c1 java.lang.ClassLoader.defineClass(Ljava/lang/String;[BIILjava/security/ProtectionDomain;)Ljava/lang/Class; java.base@11.0.15 (43 bytes) @ 0x00000219807a4d64 [0x00000219807a4a20+0x0000000000000344]
J 2184 c1 java.security.SecureClassLoader.defineClass(Ljava/lang/String;[BIILjava/security/CodeSource;)Ljava/lang/Class; java.base@11.0.15 (16 bytes) @ 0x0000021980a246ac [0x0000021980a245e0+0x00000000000000cc]
J 2095 c2 java.net.URLClassLoader$1.run()Ljava/lang/Object; java.base@11.0.15 (5 bytes) @ 0x0000021987bc8074 [0x0000021987bc72a0+0x0000000000000dd4]
v  ~StubRoutines::call_stub
J 583  java.security.AccessController.doPrivileged(Ljava/security/PrivilegedExceptionAction;Ljava/security/AccessControlContext;)Ljava/lang/Object; java.base@11.0.15 (0 bytes) @ 0x0000021987af40a6 [0x0000021987af4040+0x0000000000000066]
J 2607 c2 java.net.URLClassLoader.findClass(Ljava/lang/String;)Ljava/lang/Class; java.base@11.0.15 (47 bytes) @ 0x0000021987c05578 [0x0000021987c054e0+0x0000000000000098]
J 2902 c1 java.lang.ClassLoader.loadClass(Ljava/lang/String;Z)Ljava/lang/Class; java.base@11.0.15 (122 bytes) @ 0x0000021980b9de9c [0x0000021980b9d5e0+0x00000000000008bc]
J 2805 c2 java.lang.ClassLoader.loadClass(Ljava/lang/String;)Ljava/lang/Class; java.base@11.0.15 (7 bytes) @ 0x0000021987c215e0 [0x0000021987c215a0+0x0000000000000040]
v  ~StubRoutines::call_stub
j  org.codehaus.groovy.control.CompilerConfiguration.<clinit>()V+98
v  ~StubRoutines::call_stub
j  groovy.lang.GroovyClassLoader.<init>(Ljava/lang/ClassLoader;Lorg/codehaus/groovy/control/CompilerConfiguration;Z)V+46
j  groovy.lang.GroovyClassLoader.<init>(Ljava/lang/ClassLoader;Lorg/codehaus/groovy/control/CompilerConfiguration;)V+4
j  groovy.lang.GroovyClassLoader.<init>(Ljava/lang/ClassLoader;)V+3
j  org.codehaus.groovy.vmplugin.v9.Java9.getDefaultImportClasses([Ljava/lang/String;)Ljava/util/Map;+166
j  org.codehaus.groovy.control.ResolveVisitor.<clinit>()V+70
v  ~StubRoutines::call_stub
j  org.codehaus.groovy.runtime.InvokerHelper.<clinit>()V+60
v  ~StubRoutines::call_stub
j  groovy.lang.GroovyObjectSupport.getDefaultMetaClass()Lgroovy/lang/MetaClass;+4
j  groovy.lang.GroovyObjectSupport.<init>()V+6
j  org.gradle.internal.extensibility.DefaultExtraPropertiesExtension.<init>()V+1
j  org.gradle.internal.extensibility.DefaultConvention.<init>(Lorg/gradle/internal/instantiation/InstanceGenerator;)V+33
j  org.gradle.internal.extensibility.ExtensibleDynamicObject.<init>(Ljava/lang/Object;Lorg/gradle/internal/metaobject/AbstractDynamicObject;Lorg/gradle/internal/instantiation/InstanceGenerator;)V+8
j  org.gradle.internal.instantiation.generator.MixInExtensibleDynamicObject.<init>(Ljava/lang/Object;Ljava/lang/Class;Lorg/gradle/internal/metaobject/DynamicObject;Lorg/gradle/internal/service/ServiceLookup;)V+13
j  org.gradle.initialization.DefaultSettings_Decorated.getAsDynamicObject()Lorg/gradle/internal/metaobject/DynamicObject;+26
j  org.gradle.initialization.SettingsFactory.createSettings(Lorg/gradle/api/internal/GradleInternal;Ljava/io/File;Lorg/gradle/groovy/scripts/ScriptSource;Ljava/util/Map;Lorg/gradle/StartParameter;Lorg/gradle/api/internal/initialization/ClassLoaderScope;)Lorg/gradle/api/internal/SettingsInternal;+119
j  org.gradle.initialization.ScriptEvaluatingSettingsProcessor.process(Lorg/gradle/api/internal/GradleInternal;Lorg/gradle/initialization/SettingsLocation;Lorg/gradle/api/internal/initialization/ClassLoaderScope;Lorg/gradle/StartParameter;)Lorg/gradle/api/internal/SettingsInternal;+59
j  org.gradle.initialization.SettingsEvaluatedCallbackFiringSettingsProcessor.process(Lorg/gradle/api/internal/GradleInternal;Lorg/gradle/initialization/SettingsLocation;Lorg/gradle/api/internal/initialization/ClassLoaderScope;Lorg/gradle/StartParameter;)Lorg/gradle/api/internal/SettingsInternal;+9
j  org.gradle.initialization.RootBuildCacheControllerSettingsProcessor.process(Lorg/gradle/api/internal/GradleInternal;Lorg/gradle/initialization/SettingsLocation;Lorg/gradle/api/internal/initialization/ClassLoaderScope;Lorg/gradle/StartParameter;)Lorg/gradle/api/internal/SettingsInternal;+9
j  org.gradle.initialization.BuildOperationSettingsProcessor$2.call(Lorg/gradle/internal/operations/BuildOperationContext;)Lorg/gradle/api/internal/SettingsInternal;+23
j  org.gradle.initialization.BuildOperationSettingsProcessor$2.call(Lorg/gradle/internal/operations/BuildOperationContext;)Ljava/lang/Object;+2
j  org.gradle.internal.operations.DefaultBuildOperationRunner$CallableBuildOperationWorker.execute(Lorg/gradle/internal/operations/CallableBuildOperation;Lorg/gradle/internal/operations/BuildOperationContext;)V+3
j  org.gradle.internal.operations.DefaultBuildOperationRunner$CallableBuildOperationWorker.execute(Lorg/gradle/internal/operations/BuildOperation;Lorg/gradle/internal/operations/BuildOperationContext;)V+6
j  org.gradle.internal.operations.DefaultBuildOperationRunner$2.execute(Lorg/gradle/internal/operations/BuildOperationDescriptor;Lorg/gradle/internal/operations/BuildOperationState;Lorg/gradle/internal/operations/BuildOperationState;Lorg/gradle/internal/operations/DefaultBuildOperationRunner$ReadableBuildOperationContext;Lorg/gradle/internal/operations/DefaultBuildOperationRunner$BuildOperationExecutionListener;)Lorg/gradle/internal/operations/BuildOperation;+22
j  org.gradle.internal.operations.DefaultBuildOperationRunner$2.execute(Lorg/gradle/internal/operations/BuildOperationDescriptor;Lorg/gradle/internal/operations/BuildOperationState;Lorg/gradle/internal/operations/BuildOperationState;Lorg/gradle/internal/operations/DefaultBuildOperationRunner$ReadableBuildOperationContext;Lorg/gradle/internal/operations/DefaultBuildOperationRunner$BuildOperationExecutionListener;)Ljava/lang/Object;+8
j  org.gradle.internal.operations.DefaultBuildOperationRunner.execute(Lorg/gradle/internal/operations/BuildOperationDescriptor$Builder;Lorg/gradle/internal/operations/BuildOperationState;Lorg/gradle/internal/operations/DefaultBuildOperationRunner$BuildOperationExecution;)Ljava/lang/Object;+141
j  org.gradle.internal.operations.DefaultBuildOperationRunner.execute(Lorg/gradle/internal/operations/BuildOperation;Lorg/gradle/internal/operations/BuildOperationWorker;Lorg/gradle/internal/operations/BuildOperationState;)V+18
j  org.gradle.internal.operations.DefaultBuildOperationRunner.call(Lorg/gradle/internal/operations/CallableBuildOperation;)Ljava/lang/Object;+16
j  org.gradle.internal.operations.DefaultBuildOperationExecutor.call(Lorg/gradle/internal/operations/CallableBuildOperation;)Ljava/lang/Object;+5
j  org.gradle.initialization.BuildOperationSettingsProcessor.process(Lorg/gradle/api/internal/GradleInternal;Lorg/gradle/initialization/SettingsLocation;Lorg/gradle/api/internal/initialization/ClassLoaderScope;Lorg/gradle/StartParameter;)Lorg/gradle/api/internal/SettingsInternal;+17
j  org.gradle.initialization.DefaultSettingsLoader.findSettingsAndLoadIfAppropriate(Lorg/gradle/api/internal/GradleInternal;Lorg/gradle/StartParameter;Lorg/gradle/initialization/SettingsLocation;Lorg/gradle/api/internal/initialization/ClassLoaderScope;)Lorg/gradle/api/internal/SettingsInternal;+9
j  org.gradle.initialization.DefaultSettingsLoader.findAndLoadSettings(Lorg/gradle/api/internal/GradleInternal;)Lorg/gradle/api/internal/SettingsInternal;+33
j  org.gradle.initialization.SettingsAttachingSettingsLoader.findAndLoadSettings(Lorg/gradle/api/internal/GradleInternal;)Lorg/gradle/api/internal/SettingsInternal;+5
j  org.gradle.internal.composite.CommandLineIncludedBuildSettingsLoader.findAndLoadSettings(Lorg/gradle/api/internal/GradleInternal;)Lorg/gradle/api/internal/SettingsInternal;+5
j  org.gradle.internal.composite.ChildBuildRegisteringSettingsLoader.findAndLoadSettings(Lorg/gradle/api/internal/GradleInternal;)Lorg/gradle/api/internal/SettingsInternal;+5
j  org.gradle.internal.composite.CompositeBuildSettingsLoader.findAndLoadSettings(Lorg/gradle/api/internal/GradleInternal;)Lorg/gradle/api/internal/SettingsInternal;+5
j  org.gradle.initialization.InitScriptHandlingSettingsLoader.findAndLoadSettings(Lorg/gradle/api/internal/GradleInternal;)Lorg/gradle/api/internal/SettingsInternal;+13
j  org.gradle.initialization.GradlePropertiesHandlingSettingsLoader.findAndLoadSettings(Lorg/gradle/api/internal/GradleInternal;)Lorg/gradle/api/internal/SettingsInternal;+39
j  org.gradle.initialization.DefaultSettingsPreparer.prepareSettings(Lorg/gradle/api/internal/GradleInternal;)V+33
j  org.gradle.initialization.BuildOperationFiringSettingsPreparer$LoadBuild.doLoadBuild()V+11
j  org.gradle.initialization.BuildOperationFiringSettingsPreparer$LoadBuild.run(Lorg/gradle/internal/operations/BuildOperationContext;)V+1
j  org.gradle.internal.operations.DefaultBuildOperationRunner$1.execute(Lorg/gradle/internal/operations/RunnableBuildOperation;Lorg/gradle/internal/operations/BuildOperationContext;)V+2
j  org.gradle.internal.operations.DefaultBuildOperationRunner$1.execute(Lorg/gradle/internal/operations/BuildOperation;Lorg/gradle/internal/operations/BuildOperationContext;)V+6
j  org.gradle.internal.operations.DefaultBuildOperationRunner$2.execute(Lorg/gradle/internal/operations/BuildOperationDescriptor;Lorg/gradle/internal/operations/BuildOperationState;Lorg/gradle/internal/operations/BuildOperationState;Lorg/gradle/internal/operations/DefaultBuildOperationRunner$ReadableBuildOperationContext;Lorg/gradle/internal/operations/DefaultBuildOperationRunner$BuildOperationExecutionListener;)Lorg/gradle/internal/operations/BuildOperation;+22
j  org.gradle.internal.operations.DefaultBuildOperationRunner$2.execute(Lorg/gradle/internal/operations/BuildOperationDescriptor;Lorg/gradle/internal/operations/BuildOperationState;Lorg/gradle/internal/operations/BuildOperationState;Lorg/gradle/internal/operations/DefaultBuildOperationRunner$ReadableBuildOperationContext;Lorg/gradle/internal/operations/DefaultBuildOperationRunner$BuildOperationExecutionListener;)Ljava/lang/Object;+8
j  org.gradle.internal.operations.DefaultBuildOperationRunner.execute(Lorg/gradle/internal/operations/BuildOperationDescriptor$Builder;Lorg/gradle/internal/operations/BuildOperationState;Lorg/gradle/internal/operations/DefaultBuildOperationRunner$BuildOperationExecution;)Ljava/lang/Object;+141
j  org.gradle.internal.operations.DefaultBuildOperationRunner.execute(Lorg/gradle/internal/operations/BuildOperation;Lorg/gradle/internal/operations/BuildOperationWorker;Lorg/gradle/internal/operations/BuildOperationState;)V+18
j  org.gradle.internal.operations.DefaultBuildOperationRunner.run(Lorg/gradle/internal/operations/RunnableBuildOperation;)V+9
j  org.gradle.internal.operations.DefaultBuildOperationExecutor.run(Lorg/gradle/internal/operations/RunnableBuildOperation;)V+5
j  org.gradle.initialization.BuildOperationFiringSettingsPreparer.prepareSettings(Lorg/gradle/api/internal/GradleInternal;)V+13
j  org.gradle.initialization.VintageBuildModelController.lambda$prepareSettings$0()V+8
j  org.gradle.initialization.VintageBuildModelController$$Lambda$193.run()V+4
j  org.gradle.internal.build.StateTransitionController.lambda$doTransition$1(Ljava/lang/Runnable;)Lorg/gradle/internal/build/ExecutionResult;+1
j  org.gradle.internal.build.StateTransitionController$$Lambda$192.get()Ljava/lang/Object;+4
j  org.gradle.internal.build.StateTransitionController.doTransition(Lorg/gradle/internal/build/StateTransitionController$State;Lorg/gradle/internal/build/StateTransitionController$State;Ljava/util/function/Supplier;)Lorg/gradle/internal/build/ExecutionResult;+162
j  org.gradle.internal.build.StateTransitionController.doTransition(Lorg/gradle/internal/build/StateTransitionController$State;Lorg/gradle/internal/build/StateTransitionController$State;Ljava/lang/Runnable;)V+9
j  org.gradle.internal.build.StateTransitionController.transitionIfNotPreviously(Lorg/gradle/internal/build/StateTransitionController$State;Lorg/gradle/internal/build/StateTransitionController$State;Ljava/lang/Runnable;)V+30
j  org.gradle.initialization.VintageBuildModelController.prepareSettings()V+16
j  org.gradle.initialization.VintageBuildModelController.doBuildStages(Lorg/gradle/initialization/VintageBuildModelController$Stage;)V+1
j  org.gradle.initialization.VintageBuildModelController.prepareToScheduleTasks()V+4
j  org.gradle.internal.build.DefaultBuildLifecycleController.lambda$prepareToScheduleTasks$0()V+9
j  org.gradle.internal.build.DefaultBuildLifecycleController$$Lambda$191.run()V+4
j  org.gradle.internal.build.StateTransitionController.lambda$doTransition$1(Ljava/lang/Runnable;)Lorg/gradle/internal/build/ExecutionResult;+1
j  org.gradle.internal.build.StateTransitionController$$Lambda$192.get()Ljava/lang/Object;+4
j  org.gradle.internal.build.StateTransitionController.doTransition(Lorg/gradle/internal/build/StateTransitionController$State;Lorg/gradle/internal/build/StateTransitionController$State;Ljava/util/function/Supplier;)Lorg/gradle/internal/build/ExecutionResult;+162
j  org.gradle.internal.build.StateTransitionController.doTransition(Lorg/gradle/internal/build/StateTransitionController$State;Lorg/gradle/internal/build/StateTransitionController$State;Ljava/lang/Runnable;)V+9
j  org.gradle.internal.build.StateTransitionController.maybeTransition(Lorg/gradle/internal/build/StateTransitionController$State;Lorg/gradle/internal/build/StateTransitionController$State;Ljava/lang/Runnable;)V+32
j  org.gradle.internal.build.DefaultBuildLifecycleController.prepareToScheduleTasks()V+16
j  org.gradle.internal.buildtree.DefaultBuildTreeWorkPreparer.scheduleRequestedTasks()V+4
j  org.gradle.internal.buildtree.DefaultBuildTreeLifecycleController.lambda$doScheduleAndRunTasks$2()Lorg/gradle/internal/build/ExecutionResult;+4
j  org.gradle.internal.buildtree.DefaultBuildTreeLifecycleController$$Lambda$190.get()Ljava/lang/Object;+4
j  org.gradle.composite.internal.DefaultIncludedBuildTaskGraph.withNewTaskGraph(Ljava/util/function/Supplier;)Ljava/lang/Object;+95
j  org.gradle.internal.buildtree.DefaultBuildTreeLifecycleController.doScheduleAndRunTasks()Lorg/gradle/internal/build/ExecutionResult;+10
j  org.gradle.internal.buildtree.DefaultBuildTreeLifecycleController$$Lambda$187.get()Ljava/lang/Object;+4
j  org.gradle.internal.buildtree.DefaultBuildTreeLifecycleController.lambda$runBuild$4(Ljava/util/function/Supplier;)Ljava/lang/Object;+1
j  org.gradle.internal.buildtree.DefaultBuildTreeLifecycleController$$Lambda$188.get()Ljava/lang/Object;+8
j  org.gradle.internal.build.StateTransitionController.lambda$transition$0(Ljava/util/function/Supplier;)Lorg/gradle/internal/build/ExecutionResult;+1
j  org.gradle.internal.build.StateTransitionController$$Lambda$189.get()Ljava/lang/Object;+4
j  org.gradle.internal.build.StateTransitionController.doTransition(Lorg/gradle/internal/build/StateTransitionController$State;Lorg/gradle/internal/build/StateTransitionController$State;Ljava/util/function/Supplier;)Lorg/gradle/internal/build/ExecutionResult;+162
j  org.gradle.internal.build.StateTransitionController.transition(Lorg/gradle/internal/build/StateTransitionController$State;Lorg/gradle/internal/build/StateTransitionController$State;Ljava/util/function/Supplier;)Ljava/lang/Object;+15
j  org.gradle.internal.buildtree.DefaultBuildTreeLifecycleController.runBuild(Ljava/util/function/Supplier;)Ljava/lang/Object;+17
j  org.gradle.internal.buildtree.DefaultBuildTreeLifecycleController.scheduleAndRunTasks()V+7
j  org.gradle.tooling.internal.provider.ExecuteBuildActionRunner.run(Lorg/gradle/internal/invocation/BuildAction;Lorg/gradle/internal/buildtree/BuildTreeLifecycleController;)Lorg/gradle/internal/buildtree/BuildActionRunner$Result;+12
j  org.gradle.launcher.exec.ChainingBuildActionRunner.run(Lorg/gradle/internal/invocation/BuildAction;Lorg/gradle/internal/buildtree/BuildTreeLifecycleController;)Lorg/gradle/internal/buildtree/BuildActionRunner$Result;+34
j  org.gradle.internal.buildtree.ProblemReportingBuildActionRunner.run(Lorg/gradle/internal/invocation/BuildAction;Lorg/gradle/internal/buildtree/BuildTreeLifecycleController;)Lorg/gradle/internal/buildtree/BuildActionRunner$Result;+12
j  org.gradle.launcher.exec.BuildOutcomeReportingBuildActionRunner.run(Lorg/gradle/internal/invocation/BuildAction;Lorg/gradle/internal/buildtree/BuildTreeLifecycleController;)Lorg/gradle/internal/buildtree/BuildActionRunner$Result;+81
j  org.gradle.tooling.internal.provider.FileSystemWatchingBuildActionRunner.run(Lorg/gradle/internal/invocation/BuildAction;Lorg/gradle/internal/buildtree/BuildTreeLifecycleController;)Lorg/gradle/internal/buildtree/BuildActionRunner$Result;+246
j  org.gradle.launcher.exec.BuildCompletionNotifyingBuildActionRunner.run(Lorg/gradle/internal/invocation/BuildAction;Lorg/gradle/internal/buildtree/BuildTreeLifecycleController;)Lorg/gradle/internal/buildtree/BuildActionRunner$Result;+6
j  org.gradle.launcher.exec.RootBuildLifecycleBuildActionExecutor.lambda$execute$0(Lorg/gradle/internal/invocation/BuildAction;Lorg/gradle/internal/buildtree/BuildTreeLifecycleController;)Lorg/gradle/internal/buildtree/BuildActionRunner$Result;+6
j  org.gradle.launcher.exec.RootBuildLifecycleBuildActionExecutor$$Lambda$147.apply(Ljava/lang/Object;)Ljava/lang/Object;+12
j  org.gradle.composite.internal.DefaultRootBuildState.run(Ljava/util/function/Function;)Ljava/lang/Object;+87
j  org.gradle.launcher.exec.RootBuildLifecycleBuildActionExecutor.execute(Lorg/gradle/internal/invocation/BuildAction;Lorg/gradle/internal/buildtree/BuildTreeContext;)Lorg/gradle/internal/buildtree/BuildActionRunner$Result;+28
j  org.gradle.internal.buildtree.DefaultBuildTreeContext.execute(Lorg/gradle/internal/invocation/BuildAction;)Lorg/gradle/internal/buildtree/BuildActionRunner$Result;+64
j  org.gradle.launcher.exec.BuildTreeLifecycleBuildActionExecutor.lambda$execute$0(Lorg/gradle/internal/invocation/BuildAction;Lorg/gradle/internal/buildtree/BuildTreeContext;)Lorg/gradle/internal/buildtree/BuildActionRunner$Result;+2
j  org.gradle.launcher.exec.BuildTreeLifecycleBuildActionExecutor$$Lambda$94.apply(Ljava/lang/Object;)Ljava/lang/Object;+8
j  org.gradle.internal.buildtree.BuildTreeState.run(Ljava/util/function/Function;)Ljava/lang/Object;+5
j  org.gradle.launcher.exec.BuildTreeLifecycleBuildActionExecutor.execute(Lorg/gradle/internal/invocation/BuildAction;Lorg/gradle/internal/session/BuildSessionContext;)Lorg/gradle/internal/buildtree/BuildActionRunner$Result;+176
j  org.gradle.launcher.exec.RunAsBuildOperationBuildActionExecutor$3.call(Lorg/gradle/internal/operations/BuildOperationContext;)Lorg/gradle/internal/buildtree/BuildActionRunner$Result;+25
j  org.gradle.launcher.exec.RunAsBuildOperationBuildActionExecutor$3.call(Lorg/gradle/internal/operations/BuildOperationContext;)Ljava/lang/Object;+2
j  org.gradle.internal.operations.DefaultBuildOperationRunner$CallableBuildOperationWorker.execute(Lorg/gradle/internal/operations/CallableBuildOperation;Lorg/gradle/internal/operations/BuildOperationContext;)V+3
j  org.gradle.internal.operations.DefaultBuildOperationRunner$CallableBuildOperationWorker.execute(Lorg/gradle/internal/operations/BuildOperation;Lorg/gradle/internal/operations/BuildOperationContext;)V+6
j  org.gradle.internal.operations.DefaultBuildOperationRunner$2.execute(Lorg/gradle/internal/operations/BuildOperationDescriptor;Lorg/gradle/internal/operations/BuildOperationState;Lorg/gradle/internal/operations/BuildOperationState;Lorg/gradle/internal/operations/DefaultBuildOperationRunner$ReadableBuildOperationContext;Lorg/gradle/internal/operations/DefaultBuildOperationRunner$BuildOperationExecutionListener;)Lorg/gradle/internal/operations/BuildOperation;+22
j  org.gradle.internal.operations.DefaultBuildOperationRunner$2.execute(Lorg/gradle/internal/operations/BuildOperationDescriptor;Lorg/gradle/internal/operations/BuildOperationState;Lorg/gradle/internal/operations/BuildOperationState;Lorg/gradle/internal/operations/DefaultBuildOperationRunner$ReadableBuildOperationContext;Lorg/gradle/internal/operations/DefaultBuildOperationRunner$BuildOperationExecutionListener;)Ljava/lang/Object;+8
j  org.gradle.internal.operations.DefaultBuildOperationRunner.execute(Lorg/gradle/internal/operations/BuildOperationDescriptor$Builder;Lorg/gradle/internal/operations/BuildOperationState;Lorg/gradle/internal/operations/DefaultBuildOperationRunner$BuildOperationExecution;)Ljava/lang/Object;+141
j  org.gradle.internal.operations.DefaultBuildOperationRunner.execute(Lorg/gradle/internal/operations/BuildOperation;Lorg/gradle/internal/operations/BuildOperationWorker;Lorg/gradle/internal/operations/BuildOperationState;)V+18
j  org.gradle.internal.operations.DefaultBuildOperationRunner.call(Lorg/gradle/internal/operations/CallableBuildOperation;)Ljava/lang/Object;+16
j  org.gradle.internal.operations.DefaultBuildOperationExecutor.call(Lorg/gradle/internal/operations/CallableBuildOperation;)Ljava/lang/Object;+5
j  org.gradle.launcher.exec.RunAsBuildOperationBuildActionExecutor.execute(Lorg/gradle/internal/invocation/BuildAction;Lorg/gradle/internal/session/BuildSessionContext;)Lorg/gradle/internal/buildtree/BuildActionRunner$Result;+23
j  org.gradle.launcher.exec.RunAsWorkerThreadBuildActionExecutor.lambda$execute$0(Lorg/gradle/internal/invocation/BuildAction;Lorg/gradle/internal/session/BuildSessionContext;)Lorg/gradle/internal/buildtree/BuildActionRunner$Result;+6
j  org.gradle.launcher.exec.RunAsWorkerThreadBuildActionExecutor$$Lambda$93.create()Ljava/lang/Object;+12
j  org.gradle.internal.work.DefaultWorkerLeaseService.withLocks(Ljava/lang/Iterable;Lorg/gradle/internal/Factory;)Ljava/lang/Object;+26
j  org.gradle.launcher.exec.RunAsWorkerThreadBuildActionExecutor.execute(Lorg/gradle/internal/invocation/BuildAction;Lorg/gradle/internal/session/BuildSessionContext;)Lorg/gradle/internal/buildtree/BuildActionRunner$Result;+24
j  org.gradle.tooling.internal.provider.ContinuousBuildActionExecutor.execute(Lorg/gradle/internal/invocation/BuildAction;Lorg/gradle/internal/session/BuildSessionContext;)Lorg/gradle/internal/buildtree/BuildActionRunner$Result;+58
j  org.gradle.tooling.internal.provider.SubscribableBuildActionExecutor.execute(Lorg/gradle/internal/invocation/BuildAction;Lorg/gradle/internal/session/BuildSessionContext;)Lorg/gradle/internal/buildtree/BuildActionRunner$Result;+30
j  org.gradle.internal.session.DefaultBuildSessionContext.execute(Lorg/gradle/internal/invocation/BuildAction;)Lorg/gradle/internal/buildtree/BuildActionRunner$Result;+64
j  org.gradle.tooling.internal.provider.BuildSessionLifecycleBuildActionExecuter$ActionImpl.apply(Lorg/gradle/internal/session/BuildSessionContext;)Lorg/gradle/launcher/exec/BuildActionResult;+6
j  org.gradle.tooling.internal.provider.BuildSessionLifecycleBuildActionExecuter$ActionImpl.apply(Ljava/lang/Object;)Ljava/lang/Object;+5
j  org.gradle.internal.session.BuildSessionState.run(Ljava/util/function/Function;)Ljava/lang/Object;+5
j  org.gradle.tooling.internal.provider.BuildSessionLifecycleBuildActionExecuter.execute(Lorg/gradle/internal/invocation/BuildAction;Lorg/gradle/launcher/exec/BuildActionParameters;Lorg/gradle/initialization/BuildRequestContext;)Lorg/gradle/launcher/exec/BuildActionResult;+95
j  org.gradle.tooling.internal.provider.BuildSessionLifecycleBuildActionExecuter.execute(Lorg/gradle/internal/invocation/BuildAction;Ljava/lang/Object;Ljava/lang/Object;)Lorg/gradle/launcher/exec/BuildActionResult;+10
j  org.gradle.tooling.internal.provider.GradleThreadBuildActionExecuter.execute(Lorg/gradle/internal/invocation/BuildAction;Lorg/gradle/launcher/exec/BuildActionParameters;Lorg/gradle/initialization/BuildRequestContext;)Lorg/gradle/launcher/exec/BuildActionResult;+10
j  org.gradle.tooling.internal.provider.GradleThreadBuildActionExecuter.execute(Lorg/gradle/internal/invocation/BuildAction;Ljava/lang/Object;Ljava/lang/Object;)Lorg/gradle/launcher/exec/BuildActionResult;+10
j  org.gradle.tooling.internal.provider.StartParamsValidatingActionExecuter.execute(Lorg/gradle/internal/invocation/BuildAction;Lorg/gradle/launcher/exec/BuildActionParameters;Lorg/gradle/initialization/BuildRequestContext;)Lorg/gradle/launcher/exec/BuildActionResult;+177
j  org.gradle.tooling.internal.provider.StartParamsValidatingActionExecuter.execute(Lorg/gradle/internal/invocation/BuildAction;Ljava/lang/Object;Ljava/lang/Object;)Lorg/gradle/launcher/exec/BuildActionResult;+10
j  org.gradle.tooling.internal.provider.SessionFailureReportingActionExecuter.execute(Lorg/gradle/internal/invocation/BuildAction;Lorg/gradle/launcher/exec/BuildActionParameters;Lorg/gradle/initialization/BuildRequestContext;)Lorg/gradle/launcher/exec/BuildActionResult;+7
j  org.gradle.tooling.internal.provider.SessionFailureReportingActionExecuter.execute(Lorg/gradle/internal/invocation/BuildAction;Ljava/lang/Object;Ljava/lang/Object;)Lorg/gradle/launcher/exec/BuildActionResult;+10
j  org.gradle.tooling.internal.provider.SetupLoggingActionExecuter.execute(Lorg/gradle/internal/invocation/BuildAction;Lorg/gradle/launcher/exec/BuildActionParameters;Lorg/gradle/initialization/BuildRequestContext;)Lorg/gradle/launcher/exec/BuildActionResult;+50
j  org.gradle.tooling.internal.provider.SetupLoggingActionExecuter.execute(Lorg/gradle/internal/invocation/BuildAction;Ljava/lang/Object;Ljava/lang/Object;)Lorg/gradle/launcher/exec/BuildActionResult;+10
j  org.gradle.launcher.daemon.server.exec.ExecuteBuild.doBuild(Lorg/gradle/launcher/daemon/server/api/DaemonCommandExecution;Lorg/gradle/launcher/daemon/protocol/Build;)V+117
j  org.gradle.launcher.daemon.server.exec.BuildCommandOnly.execute(Lorg/gradle/launcher/daemon/server/api/DaemonCommandExecution;)V+49
j  org.gradle.launcher.daemon.server.api.DaemonCommandExecution.proceed()Z+23
j  org.gradle.launcher.daemon.server.exec.WatchForDisconnection.execute(Lorg/gradle/launcher/daemon/server/api/DaemonCommandExecution;)V+19
j  org.gradle.launcher.daemon.server.api.DaemonCommandExecution.proceed()Z+23
j  org.gradle.launcher.daemon.server.exec.ResetDeprecationLogger.execute(Lorg/gradle/launcher/daemon/server/api/DaemonCommandExecution;)V+7
j  org.gradle.launcher.daemon.server.api.DaemonCommandExecution.proceed()Z+23
j  org.gradle.launcher.daemon.server.exec.RequestStopIfSingleUsedDaemon.execute(Lorg/gradle/launcher/daemon/server/api/DaemonCommandExecution;)V+33
j  org.gradle.launcher.daemon.server.api.DaemonCommandExecution.proceed()Z+23
j  org.gradle.launcher.daemon.server.exec.ForwardClientInput$2.create()Ljava/lang/Void;+4
j  org.gradle.launcher.daemon.server.exec.ForwardClientInput$2.create()Ljava/lang/Object;+1
j  org.gradle.util.internal.Swapper.swap(Ljava/lang/Object;Lorg/gradle/internal/Factory;)Ljava/lang/Object;+21
j  org.gradle.launcher.daemon.server.exec.ForwardClientInput.execute(Lorg/gradle/launcher/daemon/server/api/DaemonCommandExecution;)V+63
j  org.gradle.launcher.daemon.server.api.DaemonCommandExecution.proceed()Z+23
j  org.gradle.launcher.daemon.server.exec.LogAndCheckHealth.execute(Lorg/gradle/launcher/daemon/server/api/DaemonCommandExecution;)V+28
j  org.gradle.launcher.daemon.server.api.DaemonCommandExecution.proceed()Z+23
j  org.gradle.launcher.daemon.server.exec.LogToClient.doBuild(Lorg/gradle/launcher/daemon/server/api/DaemonCommandExecution;Lorg/gradle/launcher/daemon/protocol/Build;)V+87
j  org.gradle.launcher.daemon.server.exec.BuildCommandOnly.execute(Lorg/gradle/launcher/daemon/server/api/DaemonCommandExecution;)V+49
j  org.gradle.launcher.daemon.server.api.DaemonCommandExecution.proceed()Z+23
j  org.gradle.launcher.daemon.server.exec.EstablishBuildEnvironment.doBuild(Lorg/gradle/launcher/daemon/server/api/DaemonCommandExecution;Lorg/gradle/launcher/daemon/protocol/Build;)V+356
j  org.gradle.launcher.daemon.server.exec.BuildCommandOnly.execute(Lorg/gradle/launcher/daemon/server/api/DaemonCommandExecution;)V+49
j  org.gradle.launcher.daemon.server.api.DaemonCommandExecution.proceed()Z+23
j  org.gradle.launcher.daemon.server.exec.StartBuildOrRespondWithBusy$1.run()V+44
j  org.gradle.launcher.daemon.server.DaemonStateCoordinator$1.run()V+4
j  org.gradle.internal.concurrent.ExecutorPolicy$CatchAndRecordFailures.onExecute(Ljava/lang/Runnable;)V+1
j  org.gradle.internal.concurrent.ManagedExecutorImpl$1.run()V+25
j  java.util.concurrent.ThreadPoolExecutor.runWorker(Ljava/util/concurrent/ThreadPoolExecutor$Worker;)V+92 java.base@11.0.15
j  java.util.concurrent.ThreadPoolExecutor$Worker.run()V+5 java.base@11.0.15
j  org.gradle.internal.concurrent.ThreadFactoryImpl$ManagedThreadRunnable.run()V+7
j  java.lang.Thread.run()V+11 java.base@11.0.15
v  ~StubRoutines::call_stub

---------------  P R O C E S S  ---------------

Threads class SMR info:
_java_thread_list=0x000002199aa1d470, length=30, elements={
0x00000219f73bf000, 0x000002199649a800, 0x000002199648b000, 0x00000219964f1000,
0x00000219964f2000, 0x00000219964f3000, 0x00000219964f4000, 0x00000219964fe000,
0x000002199652e000, 0x0000021996762000, 0x000002199840a800, 0x0000021997156800,
0x00000219978f3800, 0x0000021997349800, 0x00000219976af000, 0x00000219970b8000,
0x0000021996b24000, 0x00000219971c5000, 0x00000219971c5800, 0x0000021997256800,
0x0000021997dff800, 0x0000021997dff000, 0x0000021997dfd000, 0x0000021997e00800,
0x0000021997dfb800, 0x0000021997dfe000, 0x0000021997e01000, 0x0000021997e02000,
0x0000021997dfc800, 0x0000021998dcc000
}

Java Threads: ( => current thread )
  0x00000219f73bf000 JavaThread "main" [_thread_blocked, id=1716, stack(0x0000002367c00000,0x0000002367d00000)]
  0x000002199649a800 JavaThread "Reference Handler" daemon [_thread_blocked, id=13200, stack(0x0000002368300000,0x0000002368400000)]
  0x000002199648b000 JavaThread "Finalizer" daemon [_thread_blocked, id=1108, stack(0x0000002368400000,0x0000002368500000)]
  0x00000219964f1000 JavaThread "Signal Dispatcher" daemon [_thread_blocked, id=7484, stack(0x0000002368500000,0x0000002368600000)]
  0x00000219964f2000 JavaThread "Attach Listener" daemon [_thread_blocked, id=14016, stack(0x0000002368600000,0x0000002368700000)]
  0x00000219964f3000 JavaThread "Service Thread" daemon [_thread_blocked, id=12348, stack(0x0000002368700000,0x0000002368800000)]
  0x00000219964f4000 JavaThread "C2 CompilerThread0" daemon [_thread_blocked, id=13860, stack(0x0000002368800000,0x0000002368900000)]
  0x00000219964fe000 JavaThread "C1 CompilerThread0" daemon [_thread_blocked, id=7692, stack(0x0000002368900000,0x0000002368a00000)]
  0x000002199652e000 JavaThread "Sweeper thread" daemon [_thread_blocked, id=13404, stack(0x0000002368a00000,0x0000002368b00000)]
  0x0000021996762000 JavaThread "Common-Cleaner" daemon [_thread_blocked, id=13052, stack(0x0000002368b00000,0x0000002368c00000)]
  0x000002199840a800 JavaThread "Daemon health stats" [_thread_blocked, id=9228, stack(0x0000002368e00000,0x0000002368f00000)]
  0x0000021997156800 JavaThread "Incoming local TCP Connector on port 61576" [_thread_in_native, id=13976, stack(0x0000002368f00000,0x0000002369000000)]
  0x00000219978f3800 JavaThread "Daemon periodic checks" [_thread_blocked, id=13992, stack(0x0000002369000000,0x0000002369100000)]
  0x0000021997349800 JavaThread "Daemon" [_thread_blocked, id=3148, stack(0x0000002369100000,0x0000002369200000)]
  0x00000219976af000 JavaThread "Handler for socket connection from /127.0.0.1:61576 to /127.0.0.1:61577" [_thread_in_native, id=6088, stack(0x0000002369200000,0x0000002369300000)]
  0x00000219970b8000 JavaThread "Cancel handler" [_thread_blocked, id=5780, stack(0x0000002369300000,0x0000002369400000)]
=>0x0000021996b24000 JavaThread "Daemon worker" [_thread_in_vm, id=14256, stack(0x0000002369400000,0x0000002369500000)]
  0x00000219971c5000 JavaThread "Asynchronous log dispatcher for DefaultDaemonConnection: socket connection from /127.0.0.1:61576 to /127.0.0.1:61577" [_thread_blocked, id=2040, stack(0x0000002369500000,0x0000002369600000)]
  0x00000219971c5800 JavaThread "Stdin handler" [_thread_blocked, id=2328, stack(0x0000002369600000,0x0000002369700000)]
  0x0000021997256800 JavaThread "Daemon client event forwarder" [_thread_blocked, id=8280, stack(0x0000002369700000,0x0000002369800000)]
  0x0000021997dff800 JavaThread "Cache worker for journal cache (C:\Users\Ahsan\.gradle\caches\journal-1)" [_thread_blocked, id=5844, stack(0x0000002369a00000,0x0000002369b00000)]
  0x0000021997dff000 JavaThread "File lock request listener" [_thread_in_native, id=2664, stack(0x0000002369b00000,0x0000002369c00000)]
  0x0000021997dfd000 JavaThread "Cache worker for file hash cache (C:\Users\Ahsan\.gradle\caches\7.3.3\fileHashes)" [_thread_blocked, id=13680, stack(0x0000002369c00000,0x0000002369d00000)]
  0x0000021997e00800 JavaThread "Cache worker for file hash cache (D:\mernStack_todoApp\frontEnd\android\.gradle\7.3.3\fileHashes)" [_thread_blocked, id=1836, stack(0x0000002369d00000,0x0000002369e00000)]
  0x0000021997dfb800 JavaThread "File watcher server" daemon [_thread_in_native, id=13948, stack(0x0000002369e00000,0x0000002369f00000)]
  0x0000021997dfe000 JavaThread "File watcher consumer" daemon [_thread_blocked, id=484, stack(0x0000002369f00000,0x000000236a000000)]
  0x0000021997e01000 JavaThread "Cache worker for checksums cache (D:\mernStack_todoApp\frontEnd\android\.gradle\7.3.3\checksums)" [_thread_blocked, id=7864, stack(0x000000236a000000,0x000000236a100000)]
  0x0000021997e02000 JavaThread "Cache worker for cache directory md-supplier (C:\Users\Ahsan\.gradle\caches\7.3.3\md-supplier)" [_thread_blocked, id=7260, stack(0x000000236a100000,0x000000236a200000)]
  0x0000021997dfc800 JavaThread "Cache worker for cache directory md-rule (C:\Users\Ahsan\.gradle\caches\7.3.3\md-rule)" [_thread_blocked, id=13356, stack(0x000000236a200000,0x000000236a300000)]
  0x0000021998dcc000 JavaThread "Cache worker for execution history cache (C:\Users\Ahsan\.gradle\caches\7.3.3\executionHistory)" [_thread_blocked, id=10560, stack(0x000000236a300000,0x000000236a400000)]

Other Threads:
  0x0000021996485000 VMThread "VM Thread" [stack: 0x0000002368200000,0x0000002368300000] [id=13812]
  0x000002199678c800 WatcherThread [stack: 0x0000002368c00000,0x0000002368d00000] [id=14732]
  0x00000219f73d5800 GCTaskThread "GC Thread#0" [stack: 0x0000002367d00000,0x0000002367e00000] [id=6224]
  0x0000021996aeb000 GCTaskThread "GC Thread#1" [stack: 0x0000002368d00000,0x0000002368e00000] [id=3592]
  0x0000021996939000 GCTaskThread "GC Thread#2" [stack: 0x0000002369800000,0x0000002369900000] [id=6468]
  0x0000021997277800 GCTaskThread "GC Thread#3" [stack: 0x0000002369900000,0x0000002369a00000] [id=5676]
  0x00000219f740a000 ConcurrentGCThread "G1 Main Marker" [stack: 0x0000002367e00000,0x0000002367f00000] [id=14516]
  0x00000219f740b000 ConcurrentGCThread "G1 Conc#0" [stack: 0x0000002367f00000,0x0000002368000000] [id=3340]
  0x00000219f7464000 ConcurrentGCThread "G1 Refine#0" [stack: 0x0000002368000000,0x0000002368100000] [id=10760]
  0x00000219f7465800 ConcurrentGCThread "G1 Young RemSet Sampling" [stack: 0x0000002368100000,0x0000002368200000] [id=12404]

Threads with active compile tasks:

VM state:not at safepoint (normal execution)

VM Mutex/Monitor currently owned by a thread:  ([mutex/lock_event])
[0x00000219f73bb090] SymbolTable_lock - owner thread: 0x0000021996b24000

Heap address: 0x0000000080000000, size: 2048 MB, Compressed Oops mode: 32-bit
Narrow klass base: 0x0000000000000000, Narrow klass shift: 3
Compressed class space size: 528482304 Address: 0x0000000100000000

Heap:
 garbage-first heap   total 65536K, used 26702K [0x0000000080000000, 0x0000000100000000)
  region size 1024K, 10 young (10240K), 4 survivors (4096K)
 Metaspace       used 35692K, capacity 36528K, committed 36656K, reserved 548864K
  class space    used 4540K, capacity 4870K, committed 4992K, reserved 516096K
Heap Regions: E=young(eden), S=young(survivor), O=old, HS=humongous(starts), HC=humongous(continues), CS=collection set, F=free, A=archive, TAMS=top-at-mark-start (previous, next)
|   0|0x0000000080000000, 0x0000000080100000, 0x0000000080100000|100%| O|  |TAMS 0x0000000080100000, 0x0000000080000000| Untracked 
|   1|0x0000000080100000, 0x0000000080200000, 0x0000000080200000|100%| O|  |TAMS 0x0000000080200000, 0x0000000080100000| Untracked 
|   2|0x0000000080200000, 0x0000000080300000, 0x0000000080300000|100%| O|  |TAMS 0x0000000080300000, 0x0000000080200000| Untracked 
|   3|0x0000000080300000, 0x0000000080400000, 0x0000000080400000|100%|HS|  |TAMS 0x0000000080400000, 0x0000000080300000| Complete 
|   4|0x0000000080400000, 0x0000000080500000, 0x0000000080500000|100%|HC|  |TAMS 0x0000000080500000, 0x0000000080400000| Complete 
|   5|0x0000000080500000, 0x0000000080600000, 0x0000000080600000|100%|HC|  |TAMS 0x0000000080600000, 0x0000000080500000| Complete 
|   6|0x0000000080600000, 0x0000000080700000, 0x0000000080700000|100%| O|  |TAMS 0x0000000080700000, 0x0000000080600000| Untracked 
|   7|0x0000000080700000, 0x0000000080800000, 0x0000000080800000|100%| O|  |TAMS 0x0000000080800000, 0x0000000080700000| Untracked 
|   8|0x0000000080800000, 0x0000000080900000, 0x0000000080900000|100%| O|  |TAMS 0x0000000080900000, 0x0000000080800000| Untracked 
|   9|0x0000000080900000, 0x0000000080a00000, 0x0000000080a00000|100%| O|  |TAMS 0x0000000080a00000, 0x0000000080900000| Untracked 
|  10|0x0000000080a00000, 0x0000000080b00000, 0x0000000080b00000|100%| O|  |TAMS 0x0000000080b00000, 0x0000000080a00000| Untracked 
|  11|0x0000000080b00000, 0x0000000080c00000, 0x0000000080c00000|100%| O|  |TAMS 0x0000000080c00000, 0x0000000080b00000| Untracked 
|  12|0x0000000080c00000, 0x0000000080d00000, 0x0000000080d00000|100%| O|  |TAMS 0x0000000080d00000, 0x0000000080c00000| Untracked 
|  13|0x0000000080d00000, 0x0000000080e00000, 0x0000000080e00000|100%| O|  |TAMS 0x0000000080e00000, 0x0000000080d00000| Untracked 
|  14|0x0000000080e00000, 0x0000000080f00000, 0x0000000080f00000|100%| O|  |TAMS 0x0000000080f00000, 0x0000000080e00000| Untracked 
|  15|0x0000000080f00000, 0x0000000081000000, 0x0000000081000000|100%| O|  |TAMS 0x0000000081000000, 0x0000000080f00000| Untracked 
|  16|0x0000000081000000, 0x0000000081100000, 0x0000000081100000|100%| O|  |TAMS 0x0000000081100000, 0x0000000081000000| Untracked 
|  17|0x0000000081100000, 0x0000000081200000, 0x0000000081200000|100%| O|  |TAMS 0x0000000081200000, 0x0000000081100000| Untracked 
|  18|0x0000000081200000, 0x00000000812a4000, 0x0000000081300000| 64%| O|  |TAMS 0x00000000812a4000, 0x0000000081200000| Untracked 
|  19|0x0000000081300000, 0x0000000081300000, 0x0000000081400000|  0%| F|  |TAMS 0x0000000081300000, 0x0000000081300000| Untracked 
|  20|0x0000000081400000, 0x0000000081400000, 0x0000000081500000|  0%| F|  |TAMS 0x0000000081400000, 0x0000000081400000| Untracked 
|  21|0x0000000081500000, 0x0000000081500000, 0x0000000081600000|  0%| F|  |TAMS 0x0000000081500000, 0x0000000081500000| Untracked 
|  22|0x0000000081600000, 0x0000000081600000, 0x0000000081700000|  0%| F|  |TAMS 0x0000000081600000, 0x0000000081600000| Untracked 
|  23|0x0000000081700000, 0x0000000081700000, 0x0000000081800000|  0%| F|  |TAMS 0x0000000081700000, 0x0000000081700000| Untracked 
|  24|0x0000000081800000, 0x0000000081800000, 0x0000000081900000|  0%| F|  |TAMS 0x0000000081800000, 0x0000000081800000| Untracked 
|  25|0x0000000081900000, 0x0000000081900000, 0x0000000081a00000|  0%| F|  |TAMS 0x0000000081900000, 0x0000000081900000| Untracked 
|  26|0x0000000081a00000, 0x0000000081a00000, 0x0000000081b00000|  0%| F|  |TAMS 0x0000000081a00000, 0x0000000081a00000| Untracked 
|  27|0x0000000081b00000, 0x0000000081b00000, 0x0000000081c00000|  0%| F|  |TAMS 0x0000000081b00000, 0x0000000081b00000| Untracked 
|  28|0x0000000081c00000, 0x0000000081c00000, 0x0000000081d00000|  0%| F|  |TAMS 0x0000000081c00000, 0x0000000081c00000| Untracked 
|  29|0x0000000081d00000, 0x0000000081d00000, 0x0000000081e00000|  0%| F|  |TAMS 0x0000000081d00000, 0x0000000081d00000| Untracked 
|  30|0x0000000081e00000, 0x0000000081e00000, 0x0000000081f00000|  0%| F|  |TAMS 0x0000000081e00000, 0x0000000081e00000| Untracked 
|  31|0x0000000081f00000, 0x0000000081f00000, 0x0000000082000000|  0%| F|  |TAMS 0x0000000081f00000, 0x0000000081f00000| Untracked 
|  32|0x0000000082000000, 0x0000000082000000, 0x0000000082100000|  0%| F|  |TAMS 0x0000000082000000, 0x0000000082000000| Untracked 
|  33|0x0000000082100000, 0x0000000082100000, 0x0000000082200000|  0%| F|  |TAMS 0x0000000082100000, 0x0000000082100000| Untracked 
|  34|0x0000000082200000, 0x0000000082200000, 0x0000000082300000|  0%| F|  |TAMS 0x0000000082200000, 0x0000000082200000| Untracked 
|  35|0x0000000082300000, 0x0000000082300000, 0x0000000082400000|  0%| F|  |TAMS 0x0000000082300000, 0x0000000082300000| Untracked 
|  36|0x0000000082400000, 0x0000000082400000, 0x0000000082500000|  0%| F|  |TAMS 0x0000000082400000, 0x0000000082400000| Untracked 
|  37|0x0000000082500000, 0x0000000082500000, 0x0000000082600000|  0%| F|  |TAMS 0x0000000082500000, 0x0000000082500000| Untracked 
|  38|0x0000000082600000, 0x0000000082600000, 0x0000000082700000|  0%| F|  |TAMS 0x0000000082600000, 0x0000000082600000| Untracked 
|  39|0x0000000082700000, 0x0000000082700000, 0x0000000082800000|  0%| F|  |TAMS 0x0000000082700000, 0x0000000082700000| Untracked 
|  40|0x0000000082800000, 0x0000000082800000, 0x0000000082900000|  0%| F|  |TAMS 0x0000000082800000, 0x0000000082800000| Untracked 
|  41|0x0000000082900000, 0x0000000082900000, 0x0000000082a00000|  0%| F|  |TAMS 0x0000000082900000, 0x0000000082900000| Untracked 
|  42|0x0000000082a00000, 0x0000000082a00000, 0x0000000082b00000|  0%| F|  |TAMS 0x0000000082a00000, 0x0000000082a00000| Untracked 
|  43|0x0000000082b00000, 0x0000000082b00000, 0x0000000082c00000|  0%| F|  |TAMS 0x0000000082b00000, 0x0000000082b00000| Untracked 
|  44|0x0000000082c00000, 0x0000000082c00000, 0x0000000082d00000|  0%| F|  |TAMS 0x0000000082c00000, 0x0000000082c00000| Untracked 
|  45|0x0000000082d00000, 0x0000000082d00000, 0x0000000082e00000|  0%| F|  |TAMS 0x0000000082d00000, 0x0000000082d00000| Untracked 
|  46|0x0000000082e00000, 0x0000000082e00000, 0x0000000082f00000|  0%| F|  |TAMS 0x0000000082e00000, 0x0000000082e00000| Untracked 
|  47|0x0000000082f00000, 0x0000000082f00000, 0x0000000083000000|  0%| F|  |TAMS 0x0000000082f00000, 0x0000000082f00000| Untracked 
|  48|0x0000000083000000, 0x0000000083000000, 0x0000000083100000|  0%| F|  |TAMS 0x0000000083000000, 0x0000000083000000| Untracked 
|  49|0x0000000083100000, 0x000000008316fba8, 0x0000000083200000| 43%| S|CS|TAMS 0x0000000083100000, 0x0000000083100000| Complete 
|  50|0x0000000083200000, 0x0000000083300000, 0x0000000083300000|100%| S|CS|TAMS 0x0000000083200000, 0x0000000083200000| Complete 
|  51|0x0000000083300000, 0x0000000083400000, 0x0000000083400000|100%| S|CS|TAMS 0x0000000083300000, 0x0000000083300000| Complete 
|  52|0x0000000083400000, 0x0000000083500000, 0x0000000083500000|100%| S|CS|TAMS 0x0000000083400000, 0x0000000083400000| Complete 
|  53|0x0000000083500000, 0x0000000083500000, 0x0000000083600000|  0%| F|  |TAMS 0x0000000083500000, 0x0000000083500000| Untracked 
|  54|0x0000000083600000, 0x0000000083600000, 0x0000000083700000|  0%| F|  |TAMS 0x0000000083600000, 0x0000000083600000| Untracked 
|  55|0x0000000083700000, 0x0000000083700000, 0x0000000083800000|  0%| F|  |TAMS 0x0000000083700000, 0x0000000083700000| Untracked 
|  56|0x0000000083800000, 0x0000000083800000, 0x0000000083900000|  0%| F|  |TAMS 0x0000000083800000, 0x0000000083800000| Untracked 
|  57|0x0000000083900000, 0x0000000083900000, 0x0000000083a00000|  0%| F|  |TAMS 0x0000000083900000, 0x0000000083900000| Untracked 
|  58|0x0000000083a00000, 0x0000000083a7e310, 0x0000000083b00000| 49%| E|  |TAMS 0x0000000083a00000, 0x0000000083a00000| Complete 
|  59|0x0000000083b00000, 0x0000000083bb0168, 0x0000000083c00000| 68%| E|  |TAMS 0x0000000083b00000, 0x0000000083b00000| Complete 
|  60|0x0000000083c00000, 0x0000000083d00000, 0x0000000083d00000|100%| E|CS|TAMS 0x0000000083c00000, 0x0000000083c00000| Complete 
|  61|0x0000000083d00000, 0x0000000083e00000, 0x0000000083e00000|100%| E|CS|TAMS 0x0000000083d00000, 0x0000000083d00000| Complete 
|  62|0x0000000083e00000, 0x0000000083f00000, 0x0000000083f00000|100%| E|CS|TAMS 0x0000000083e00000, 0x0000000083e00000| Complete 
|  63|0x0000000083f00000, 0x0000000084000000, 0x0000000084000000|100%| E|CS|TAMS 0x0000000083f00000, 0x0000000083f00000| Complete 

Card table byte_map: [0x000002198f000000,0x000002198f400000] _byte_map_base: 0x000002198ec00000

Marking Bits (Prev, Next): (CMBitMap*) 0x00000219f7401558, (CMBitMap*) 0x00000219f7401590
 Prev Bits: [0x000002198f800000, 0x0000021991800000)
 Next Bits: [0x0000021991800000, 0x0000021993800000)

Polling page: 0x00000219f5530000

Metaspace:

Usage:
  Non-class:     30.92 MB capacity,    30.42 MB ( 98%) used,   429.85 KB (  1%) free+waste,    75.69 KB ( <1%) overhead. 
      Class:      4.76 MB capacity,     4.43 MB ( 93%) used,   292.83 KB (  6%) free+waste,    36.75 KB ( <1%) overhead. 
       Both:     35.67 MB capacity,    34.86 MB ( 98%) used,   722.68 KB (  2%) free+waste,   112.44 KB ( <1%) overhead. 

Virtual space:
  Non-class space:       32.00 MB reserved,      30.92 MB ( 97%) committed 
      Class space:      504.00 MB reserved,       4.88 MB ( <1%) committed 
             Both:      536.00 MB reserved,      35.80 MB (  7%) committed 

Chunk freelists:
   Non-Class:  6.00 KB
       Class:  26.00 KB
        Both:  32.00 KB

MaxMetaspaceSize: 512.00 MB
CompressedClassSpaceSize: 504.00 MB
Initial GC threshold: 20.80 MB
Current GC threshold: 58.62 MB
CDS: off

CodeHeap 'non-profiled nmethods': size=120064Kb used=1510Kb max_used=1510Kb free=118553Kb
 bounds [0x0000021987ac0000, 0x0000021987d30000, 0x000002198f000000]
CodeHeap 'profiled nmethods': size=120000Kb used=6395Kb max_used=6395Kb free=113604Kb
 bounds [0x0000021980590000, 0x0000021980bd0000, 0x0000021987ac0000]
CodeHeap 'non-nmethods': size=5696Kb used=1240Kb max_used=1266Kb free=4455Kb
 bounds [0x0000021980000000, 0x0000021980270000, 0x0000021980590000]
 total_blobs=3515 nmethods=2993 adapters=434
 compilation: enabled
              stopped_count=0, restarted_count=0
 full_count=0

Compilation events (20 events):
Event: 30.432 Thread 0x00000219964fe000 2987       3       java.lang.invoke.MethodHandles$Lookup::getDirectMethodForConstant (72 bytes)
Event: 30.433 Thread 0x00000219964fe000 nmethod 2987 0x0000021980bc8790 code [0x0000021980bc8b20, 0x0000021980bca148]
Event: 30.444 Thread 0x00000219964fe000 2988       1       java.lang.reflect.Field::getDeclaringClass (5 bytes)
Event: 30.444 Thread 0x00000219964fe000 nmethod 2988 0x0000021987c34910 code [0x0000021987c34ac0, 0x0000021987c34b78]
Event: 30.448 Thread 0x00000219964fe000 2989       1       groovy.lang.MetaProperty::getName (5 bytes)
Event: 30.448 Thread 0x00000219964fe000 nmethod 2989 0x0000021987c34c10 code [0x0000021987c34dc0, 0x0000021987c34e78]
Event: 30.448 Thread 0x00000219964fe000 2991   !   3       java.lang.invoke.MethodHandles$Lookup::canBeCached (150 bytes)
Event: 30.449 Thread 0x00000219964f4000 2992   !   4       java.util.concurrent.ConcurrentHashMap::computeIfAbsent (576 bytes)
Event: 30.450 Thread 0x00000219964fe000 nmethod 2991 0x0000021980bca910 code [0x0000021980bcad40, 0x0000021980bcce28]
Event: 30.450 Thread 0x00000219964fe000 2993       3       org.codehaus.groovy.reflection.CachedMethod::getReturnType (8 bytes)
Event: 30.450 Thread 0x00000219964fe000 nmethod 2993 0x0000021980bcd990 code [0x0000021980bcdb40, 0x0000021980bcdc58]
Event: 30.450 Thread 0x00000219964fe000 2990       3       java.beans.MethodRef::get (91 bytes)
Event: 30.453 Thread 0x00000219964fe000 nmethod 2990 0x0000021980bcdd10 code [0x0000021980bcdf80, 0x0000021980bceb38]
Event: 30.459 Thread 0x00000219964fe000 2995       1       java.util.logging.Logger::getName (5 bytes)
Event: 30.460 Thread 0x00000219964fe000 nmethod 2995 0x0000021987c34f10 code [0x0000021987c350c0, 0x0000021987c35178]
Event: 30.493 Thread 0x00000219964f4000 nmethod 2992 0x0000021987c35210 code [0x0000021987c35480, 0x0000021987c374b0]
Event: 30.493 Thread 0x00000219964f4000 2994       4       java.lang.Throwable::<init> (39 bytes)
Event: 30.501 Thread 0x00000219964f4000 nmethod 2994 0x0000021987c38890 code [0x0000021987c38a60, 0x0000021987c395f8]
Event: 30.541 Thread 0x00000219964f4000 2996       4       java.util.Collections$SetFromMap::add (22 bytes)
Event: 30.542 Thread 0x00000219964f4000 nmethod 2996 0x0000021987c39790 code [0x0000021987c39940, 0x0000021987c39a08]

GC Heap History (20 events):
Event: 10.083 GC heap before
{Heap before GC invocations=1 (full 0):
 garbage-first heap   total 65536K, used 20210K [0x0000000080000000, 0x0000000100000000)
  region size 1024K, 14 young (14336K), 2 survivors (2048K)
 Metaspace       used 9969K, capacity 10194K, committed 10368K, reserved 526336K
  class space    used 1010K, capacity 1102K, committed 1152K, reserved 516096K
}
Event: 10.173 GC heap after
{Heap after GC invocations=2 (full 0):
 garbage-first heap   total 65536K, used 9497K [0x0000000080000000, 0x0000000100000000)
  region size 1024K, 2 young (2048K), 2 survivors (2048K)
 Metaspace       used 9969K, capacity 10194K, committed 10368K, reserved 526336K
  class space    used 1010K, capacity 1102K, committed 1152K, reserved 516096K
}
Event: 11.084 GC heap before
{Heap before GC invocations=2 (full 0):
 garbage-first heap   total 65536K, used 27929K [0x0000000080000000, 0x0000000100000000)
  region size 1024K, 20 young (20480K), 2 survivors (2048K)
 Metaspace       used 10864K, capacity 11085K, committed 11264K, reserved 526336K
  class space    used 1110K, capacity 1207K, committed 1280K, reserved 516096K
}
Event: 11.088 GC heap after
{Heap after GC invocations=3 (full 0):
 garbage-first heap   total 65536K, used 10010K [0x0000000080000000, 0x0000000100000000)
  region size 1024K, 2 young (2048K), 2 survivors (2048K)
 Metaspace       used 10864K, capacity 11085K, committed 11264K, reserved 526336K
  class space    used 1110K, capacity 1207K, committed 1280K, reserved 516096K
}
Event: 12.283 GC heap before
{Heap before GC invocations=3 (full 0):
 garbage-first heap   total 65536K, used 34586K [0x0000000080000000, 0x0000000100000000)
  region size 1024K, 26 young (26624K), 2 survivors (2048K)
 Metaspace       used 12281K, capacity 12532K, committed 12800K, reserved 528384K
  class space    used 1314K, capacity 1412K, committed 1536K, reserved 516096K
}
Event: 12.292 GC heap after
{Heap after GC invocations=4 (full 0):
 garbage-first heap   total 65536K, used 14912K [0x0000000080000000, 0x0000000100000000)
  region size 1024K, 4 young (4096K), 4 survivors (4096K)
 Metaspace       used 12281K, capacity 12532K, committed 12800K, reserved 528384K
  class space    used 1314K, capacity 1412K, committed 1536K, reserved 516096K
}
Event: 19.768 GC heap before
{Heap before GC invocations=4 (full 0):
 garbage-first heap   total 65536K, used 38464K [0x0000000080000000, 0x0000000100000000)
  region size 1024K, 28 young (28672K), 4 survivors (4096K)
 Metaspace       used 18200K, capacity 18532K, committed 18688K, reserved 532480K
  class space    used 2134K, capacity 2243K, committed 2304K, reserved 516096K
}
Event: 19.785 GC heap after
{Heap after GC invocations=5 (full 0):
 garbage-first heap   total 65536K, used 16685K [0x0000000080000000, 0x0000000100000000)
  region size 1024K, 2 young (2048K), 2 survivors (2048K)
 Metaspace       used 18200K, capacity 18532K, committed 18688K, reserved 532480K
  class space    used 2134K, capacity 2243K, committed 2304K, reserved 516096K
}
Event: 21.073 GC heap before
{Heap before GC invocations=5 (full 0):
 garbage-first heap   total 65536K, used 34093K [0x0000000080000000, 0x0000000100000000)
  region size 1024K, 20 young (20480K), 2 survivors (2048K)
 Metaspace       used 20724K, capacity 21167K, committed 21296K, reserved 536576K
  class space    used 2478K, capacity 2657K, committed 2688K, reserved 516096K
}
Event: 21.079 GC heap after
{Heap after GC invocations=6 (full 0):
 garbage-first heap   total 65536K, used 17212K [0x0000000080000000, 0x0000000100000000)
  region size 1024K, 3 young (3072K), 3 survivors (3072K)
 Metaspace       used 20724K, capacity 21167K, committed 21296K, reserved 536576K
  class space    used 2478K, capacity 2657K, committed 2688K, reserved 516096K
}
Event: 21.649 GC heap before
{Heap before GC invocations=7 (full 0):
 garbage-first heap   total 65536K, used 39740K [0x0000000080000000, 0x0000000100000000)
  region size 1024K, 26 young (26624K), 3 survivors (3072K)
 Metaspace       used 22779K, capacity 23182K, committed 23472K, reserved 536576K
  class space    used 2821K, capacity 2969K, committed 3072K, reserved 516096K
}
Event: 21.657 GC heap after
{Heap after GC invocations=8 (full 0):
 garbage-first heap   total 65536K, used 18049K [0x0000000080000000, 0x0000000100000000)
  region size 1024K, 2 young (2048K), 2 survivors (2048K)
 Metaspace       used 22779K, capacity 23182K, committed 23472K, reserved 536576K
  class space    used 2821K, capacity 2969K, committed 3072K, reserved 516096K
}
Event: 23.517 GC heap before
{Heap before GC invocations=8 (full 0):
 garbage-first heap   total 65536K, used 42625K [0x0000000080000000, 0x0000000100000000)
  region size 1024K, 26 young (26624K), 2 survivors (2048K)
 Metaspace       used 25832K, capacity 26401K, committed 26544K, reserved 540672K
  class space    used 3263K, capacity 3488K, committed 3584K, reserved 516096K
}
Event: 23.524 GC heap after
{Heap after GC invocations=9 (full 0):
 garbage-first heap   total 65536K, used 19132K [0x0000000080000000, 0x0000000100000000)
  region size 1024K, 3 young (3072K), 3 survivors (3072K)
 Metaspace       used 25832K, capacity 26401K, committed 26544K, reserved 540672K
  class space    used 3263K, capacity 3488K, committed 3584K, reserved 516096K
}
Event: 25.897 GC heap before
{Heap before GC invocations=9 (full 0):
 garbage-first heap   total 65536K, used 44732K [0x0000000080000000, 0x0000000100000000)
  region size 1024K, 28 young (28672K), 3 survivors (3072K)
 Metaspace       used 28236K, capacity 28875K, committed 28976K, reserved 542720K
  class space    used 3641K, capacity 3894K, committed 3968K, reserved 516096K
}
Event: 25.909 GC heap after
{Heap after GC invocations=10 (full 0):
 garbage-first heap   total 65536K, used 20109K [0x0000000080000000, 0x0000000100000000)
  region size 1024K, 3 young (3072K), 3 survivors (3072K)
 Metaspace       used 28236K, capacity 28875K, committed 28976K, reserved 542720K
  class space    used 3641K, capacity 3894K, committed 3968K, reserved 516096K
}
Event: 27.250 GC heap before
{Heap before GC invocations=10 (full 0):
 garbage-first heap   total 65536K, used 45709K [0x0000000080000000, 0x0000000100000000)
  region size 1024K, 28 young (28672K), 3 survivors (3072K)
 Metaspace       used 31150K, capacity 31855K, committed 31920K, reserved 544768K
  class space    used 4068K, capacity 4312K, committed 4352K, reserved 516096K
}
Event: 27.256 GC heap after
{Heap after GC invocations=11 (full 0):
 garbage-first heap   total 65536K, used 20753K [0x0000000080000000, 0x0000000100000000)
  region size 1024K, 2 young (2048K), 2 survivors (2048K)
 Metaspace       used 31150K, capacity 31855K, committed 31920K, reserved 544768K
  class space    used 4068K, capacity 4312K, committed 4352K, reserved 516096K
}
Event: 30.281 GC heap before
{Heap before GC invocations=11 (full 0):
 garbage-first heap   total 65536K, used 29969K [0x0000000080000000, 0x0000000100000000)
  region size 1024K, 13 young (13312K), 2 survivors (2048K)
 Metaspace       used 34910K, capacity 35689K, committed 35888K, reserved 548864K
  class space    used 4419K, capacity 4718K, committed 4736K, reserved 516096K
}
Event: 30.291 GC heap after
{Heap after GC invocations=12 (full 0):
 garbage-first heap   total 65536K, used 22606K [0x0000000080000000, 0x0000000100000000)
  region size 1024K, 4 young (4096K), 4 survivors (4096K)
 Metaspace       used 34910K, capacity 35689K, committed 35888K, reserved 548864K
  class space    used 4419K, capacity 4718K, committed 4736K, reserved 516096K
}

Deoptimization events (20 events):
Event: 29.537 Thread 0x000002199840a800 DEOPT PACKING pc=0x0000021987c1d990 sp=0x0000002368efeb40
Event: 29.537 Thread 0x000002199840a800 DEOPT UNPACKING pc=0x000002198004a1af sp=0x0000002368efeae0 mode 2
Event: 30.389 Thread 0x0000021996b24000 Uncommon trap: trap_request=0xffffff4d fr.pc=0x0000021987c05db0 relative=0x0000000000000290
Event: 30.389 Thread 0x0000021996b24000 Uncommon trap: reason=unstable_if action=reinterpret pc=0x0000021987c05db0 method=jdk.internal.org.objectweb.asm.Type.getArgumentsAndReturnSizes(Ljava/lang/String;)I @ 136 c2
Event: 30.389 Thread 0x0000021996b24000 DEOPT PACKING pc=0x0000021987c05db0 sp=0x00000023694f5980
Event: 30.389 Thread 0x0000021996b24000 DEOPT UNPACKING pc=0x000002198004a1af sp=0x00000023694f5918 mode 2
Event: 30.397 Thread 0x0000021996b24000 DEOPT PACKING pc=0x0000021980bb0ef9 sp=0x00000023694f58d0
Event: 30.397 Thread 0x0000021996b24000 DEOPT UNPACKING pc=0x000002198004a95e sp=0x00000023694f4e18 mode 0
Event: 30.399 Thread 0x0000021996b24000 Uncommon trap: trap_request=0xffffff4d fr.pc=0x0000021987b6ed44 relative=0x0000000000000084
Event: 30.399 Thread 0x0000021996b24000 Uncommon trap: reason=unstable_if action=reinterpret pc=0x0000021987b6ed44 method=jdk.internal.loader.URLClassPath$JarLoader.getResource(Ljava/lang/String;ZLjava/util/Set;)Ljdk/internal/loader/Resource; @ 17 c2
Event: 30.399 Thread 0x0000021996b24000 DEOPT PACKING pc=0x0000021987b6ed44 sp=0x00000023694f4940
Event: 30.399 Thread 0x0000021996b24000 DEOPT UNPACKING pc=0x000002198004a1af sp=0x00000023694f4888 mode 2
Event: 30.430 Thread 0x0000021996b24000 Uncommon trap: trap_request=0xffffffbe fr.pc=0x0000021987c2ad40 relative=0x0000000000003c20
Event: 30.430 Thread 0x0000021996b24000 Uncommon trap: reason=profile_predicate action=maybe_recompile pc=0x0000021987c2ad40 method=java.util.AbstractCollection.addAll(Ljava/util/Collection;)Z @ 15 c2
Event: 30.430 Thread 0x0000021996b24000 DEOPT PACKING pc=0x0000021987c2ad40 sp=0x00000023694f8d80
Event: 30.430 Thread 0x0000021996b24000 DEOPT UNPACKING pc=0x000002198004a1af sp=0x00000023694f8d98 mode 2
Event: 30.547 Thread 0x000002199840a800 Uncommon trap: trap_request=0xffffffde fr.pc=0x0000021987c1d990 relative=0x0000000000000310
Event: 30.547 Thread 0x000002199840a800 Uncommon trap: reason=class_check action=maybe_recompile pc=0x0000021987c1d990 method=java.util.stream.ReferencePipeline.forEachWithCancel(Ljava/util/Spliterator;Ljava/util/stream/Sink;)Z @ 1 c2
Event: 30.547 Thread 0x000002199840a800 DEOPT PACKING pc=0x0000021987c1d990 sp=0x0000002368efeb40
Event: 30.547 Thread 0x000002199840a800 DEOPT UNPACKING pc=0x000002198004a1af sp=0x0000002368efeae0 mode 2

Classes redefined (0 events):
No events

Internal exceptions (20 events):
Event: 24.513 Thread 0x0000021996b24000 Exception <a 'java/lang/NoSuchMethodError'{0x00000000830fd370}: 'java.lang.Object java.lang.invoke.DirectMethodHandle$Holder.invokeStaticInit(java.lang.Object, java.lang.Object, java.lang.Object, java.lang.Object)'> (0x00000000830fd370) thrown at [./src/hotspot/share/interpreter/linkResolver.cpp, line 773]
Event: 25.695 Thread 0x0000021996b24000 Implicit null exception at 0x0000021987ba3ff5 to 0x0000021987ba41bc
Event: 25.695 Thread 0x0000021996b24000 Implicit null exception at 0x0000021987b81caf to 0x0000021987b81d1d
Event: 26.613 Thread 0x0000021996b24000 Exception <a 'java/lang/NoSuchMethodError'{0x00000000837152c8}: 'java.lang.Object java.lang.invoke.Invokers$Holder.linkToTargetMethod(java.lang.Object, java.lang.Object, java.lang.Object, java.lang.Object, java.lang.Object, java.lang.Object, java.lang.Object, java.lang.Object)'> (0x00000000837152c8) thrown at [./src/hotspot/share/interpreter/linkResolver.cpp, line 773]
Event: 26.628 Thread 0x0000021996b24000 Exception <a 'java/lang/NoSuchMethodError'{0x00000000837619b8}: 'java.lang.Object java.lang.invoke.Invokers$Holder.linkToTargetMethod(java.lang.Object, java.lang.Object, java.lang.Object, java.lang.Object, java.lang.Object, java.lang.Object, java.lang.Object)'> (0x00000000837619b8) thrown at [./src/hotspot/share/interpreter/linkResolver.cpp, line 773]
Event: 26.661 Thread 0x0000021996b24000 Exception <a 'java/lang/IncompatibleClassChangeError'{0x00000000837a0f50}: Found class java.lang.Object, but interface was expected> (0x00000000837a0f50) thrown at [./src/hotspot/share/interpreter/linkResolver.cpp, line 839]
Event: 27.746 Thread 0x0000021996b24000 Exception <a 'java/lang/NoSuchMethodError'{0x0000000083c21460}: 'void java.lang.invoke.DirectMethodHandle$Holder.invokeStaticInit(java.lang.Object, java.lang.Object, java.lang.Object)'> (0x0000000083c21460) thrown at [./src/hotspot/share/interpreter/linkResolver.cpp, line 773]
Event: 27.747 Thread 0x0000021996b24000 Exception <a 'java/lang/NoSuchMethodError'{0x0000000083c286b8}: 'void java.lang.invoke.DirectMethodHandle$Holder.invokeStaticInit(java.lang.Object, java.lang.Object, java.lang.Object, java.lang.Object)'> (0x0000000083c286b8) thrown at [./src/hotspot/share/interpreter/linkResolver.cpp, line 773]
Event: 27.775 Thread 0x0000021996b24000 Exception <a 'java/lang/NoSuchMethodError'{0x0000000083c4af60}: 'void java.lang.invoke.DirectMethodHandle$Holder.invokeStaticInit(java.lang.Object, java.lang.Object, java.lang.Object, java.lang.Object, java.lang.Object)'> (0x0000000083c4af60) thrown at [./src/hotspot/share/interpreter/linkResolver.cpp, line 773]
Event: 27.950 Thread 0x0000021996b24000 Exception <a 'java/lang/NoSuchMethodError'{0x0000000083cad3c8}: 'int java.lang.invoke.DirectMethodHandle$Holder.invokeStaticInit(java.lang.Object, java.lang.Object, java.lang.Object, java.lang.Object)'> (0x0000000083cad3c8) thrown at [./src/hotspot/share/interpreter/linkResolver.cpp, line 773]
Event: 30.390 Thread 0x0000021996b24000 Exception <a 'java/lang/NoSuchMethodError'{0x0000000083fc9e40}: 'java.lang.Object java.lang.invoke.DirectMethodHandle$Holder.invokeStatic(java.lang.Object, java.lang.Object, java.lang.Object, java.lang.Object, java.lang.Object, java.lang.Object, java.lang.Object, java.lang.Object, java.lang.Object, java.lang.Object, java.lang.Object, int)'> (0x0000000083fc9e40) thrown at [./src/hotspot/share/interpreter/linkResolver.cpp, line 773]
Event: 30.395 Thread 0x0000021996b24000 Exception <a 'java/lang/NoSuchMethodError'{0x0000000083fe9e08}: 'java.lang.Object java.lang.invoke.DirectMethodHandle$Holder.invokeStatic(java.lang.Object, java.lang.Object, java.lang.Object, java.lang.Object, java.lang.Object, java.lang.Object, java.lang.Object, java.lang.Object, java.lang.Object, java.lang.Object, java.lang.Object, int, int)'> (0x0000000083fe9e08) thrown at [./src/hotspot/share/interpreter/linkResolver.cpp, line 773]
Event: 30.397 Thread 0x0000021996b24000 Exception <a 'java/lang/NoSuchMethodError'{0x0000000083e09ad8}: 'java.lang.Object java.lang.invoke.DirectMethodHandle$Holder.invokeStatic(java.lang.Object, java.lang.Object, java.lang.Object, java.lang.Object, java.lang.Object, java.lang.Object, java.lang.Object, java.lang.Object, java.lang.Object, java.lang.Object, java.lang.Object, int, int, java.lang.Object)'> (0x0000000083e09ad8) thrown at [./src/hotspot/share/interpreter/linkResolver.cpp, line 773]
Event: 30.398 Thread 0x0000021996b24000 Exception <a 'java/lang/NoSuchMethodError'{0x0000000083e2abd0}: 'java.lang.Object java.lang.invoke.DirectMethodHandle$Holder.invokeStatic(java.lang.Object, java.lang.Object, java.lang.Object, java.lang.Object, java.lang.Object, java.lang.Object, java.lang.Object, java.lang.Object, java.lang.Object, java.lang.Object, java.lang.Object, int, int, java.lang.Object, java.lang.Object)'> (0x0000000083e2abd0) thrown at [./src/hotspot/share/interpreter/linkResolver.cpp, line 773]
Event: 30.403 Thread 0x0000021996b24000 Exception <a 'java/lang/ClassNotFoundException'{0x0000000083e5a700}: groovy/lang/ExpandoMetaClassBeanInfo> (0x0000000083e5a700) thrown at [./src/hotspot/share/classfile/systemDictionary.cpp, line 230]
Event: 30.404 Thread 0x0000021996b24000 Exception <a 'java/lang/ClassNotFoundException'{0x0000000083e7a9c0}: groovy/lang/MetaClassImplBeanInfo> (0x0000000083e7a9c0) thrown at [./src/hotspot/share/classfile/systemDictionary.cpp, line 230]
Event: 30.404 Thread 0x0000021996b24000 Exception <a 'java/lang/ClassNotFoundException'{0x0000000083e83c78}: java/lang/ObjectBeanInfo> (0x0000000083e83c78) thrown at [./src/hotspot/share/classfile/systemDictionary.cpp, line 230]
Event: 30.406 Thread 0x0000021996b24000 Exception <a 'java/lang/ClassNotFoundException'{0x0000000083e8f370}: java/lang/ObjectCustomizer> (0x0000000083e8f370) thrown at [./src/hotspot/share/classfile/systemDictionary.cpp, line 230]
Event: 30.422 Thread 0x0000021996b24000 Exception <a 'java/lang/ClassNotFoundException'{0x0000000083eb6520}: groovy/lang/MetaClassImplCustomizer> (0x0000000083eb6520) thrown at [./src/hotspot/share/classfile/systemDictionary.cpp, line 230]
Event: 30.428 Thread 0x0000021996b24000 Exception <a 'java/lang/ClassNotFoundException'{0x0000000083ef51d8}: groovy/lang/ExpandoMetaClassCustomizer> (0x0000000083ef51d8) thrown at [./src/hotspot/share/classfile/systemDictionary.cpp, line 230]

Events (20 events):
Event: 30.536 loading class java/lang/invoke/VarHandleLongs$FieldInstanceReadOnly done
Event: 30.536 loading class java/lang/invoke/VarHandleLongs$FieldInstanceReadWrite done
Event: 30.537 loading class java/util/concurrent/locks/StampedLock$WNode
Event: 30.537 loading class java/util/concurrent/locks/StampedLock$WNode done
Event: 30.537 loading class org/codehaus/groovy/runtime/memoize/CommonCache
Event: 30.537 loading class org/codehaus/groovy/runtime/memoize/CommonCache done
Event: 30.539 loading class groovy/lang/GroovyClassLoader$1
Event: 30.539 loading class groovy/lang/GroovyClassLoader$1 done
Event: 30.540 loading class org/codehaus/groovy/control/CompilerConfiguration
Event: 30.540 loading class org/codehaus/groovy/control/CompilerConfiguration done
Event: 30.543 loading class org/codehaus/groovy/control/CompilerConfiguration$1
Event: 30.543 loading class org/codehaus/groovy/control/CompilerConfiguration$1 done
Event: 30.543 loading class org/codehaus/groovy/control/ConfigurationException
Event: 30.543 loading class org/codehaus/groovy/control/ConfigurationException done
Event: 30.544 loading class org/codehaus/groovy/GroovyExceptionInterface
Event: 30.544 loading class org/codehaus/groovy/GroovyExceptionInterface done
Event: 30.544 loading class org/codehaus/groovy/control/io/NullWriter
Event: 30.544 loading class org/codehaus/groovy/control/io/NullWriter done
Event: 30.545 loading class org/apache/groovy/util/Maps
Event: 30.545 loading class org/apache/groovy/util/Maps done


Dynamic libraries:
0x00007ff751a50000 - 0x00007ff751a5d000 	C:\Program Files\OpenJDK\openjdk-11.0.15_10\bin\java.exe
0x00007ffa8a110000 - 0x00007ffa8a308000 	C:\WINDOWS\SYSTEM32\ntdll.dll
0x00007ffa88a60000 - 0x00007ffa88b1d000 	C:\WINDOWS\System32\KERNEL32.DLL
0x00007ffa87a50000 - 0x00007ffa87d1e000 	C:\WINDOWS\System32\KERNELBASE.dll
0x00007ffa87db0000 - 0x00007ffa87eb0000 	C:\WINDOWS\System32\ucrtbase.dll
0x00007ffa81d50000 - 0x00007ffa81d68000 	C:\Program Files\OpenJDK\openjdk-11.0.15_10\bin\jli.dll
0x00007ffa89180000 - 0x00007ffa89320000 	C:\WINDOWS\System32\USER32.dll
0x00007ffa87a20000 - 0x00007ffa87a42000 	C:\WINDOWS\System32\win32u.dll
0x00007ffa8a0a0000 - 0x00007ffa8a0ca000 	C:\WINDOWS\System32\GDI32.dll
0x00007ffa87830000 - 0x00007ffa8793b000 	C:\WINDOWS\System32\gdi32full.dll
0x00007ffa71b10000 - 0x00007ffa71daa000 	C:\WINDOWS\WinSxS\amd64_microsoft.windows.common-controls_6595b64144ccf1df_6.0.19041.1110_none_60b5254171f9507e\COMCTL32.dll
0x00007ffa80050000 - 0x00007ffa80066000 	C:\Program Files\OpenJDK\openjdk-11.0.15_10\bin\VCRUNTIME140.dll
0x00007ffa88060000 - 0x00007ffa880fd000 	C:\WINDOWS\System32\msvcp_win.dll
0x00007ffa88b20000 - 0x00007ffa88bbe000 	C:\WINDOWS\System32\msvcrt.dll
0x00007ffa89320000 - 0x00007ffa89350000 	C:\WINDOWS\System32\IMM32.DLL
0x00007ffa2ae00000 - 0x00007ffa2aeaa000 	C:\Program Files\OpenJDK\openjdk-11.0.15_10\bin\msvcp140.dll
0x00007ffa0b6c0000 - 0x00007ffa0c211000 	C:\Program Files\OpenJDK\openjdk-11.0.15_10\bin\server\jvm.dll
0x00007ffa882a0000 - 0x00007ffa8834e000 	C:\WINDOWS\System32\ADVAPI32.dll
0x00007ffa88f30000 - 0x00007ffa88fcc000 	C:\WINDOWS\System32\sechost.dll
0x00007ffa88170000 - 0x00007ffa88295000 	C:\WINDOWS\System32\RPCRT4.dll
0x00007ffa89500000 - 0x00007ffa89508000 	C:\WINDOWS\System32\PSAPI.DLL
0x00007ffa6f270000 - 0x00007ffa6f297000 	C:\WINDOWS\SYSTEM32\WINMM.dll
0x00007ffa6f260000 - 0x00007ffa6f269000 	C:\WINDOWS\SYSTEM32\WSOCK32.dll
0x00007ffa7f6b0000 - 0x00007ffa7f6ba000 	C:\WINDOWS\SYSTEM32\VERSION.dll
0x00007ffa89110000 - 0x00007ffa8917b000 	C:\WINDOWS\System32\WS2_32.dll
0x00007ffa857a0000 - 0x00007ffa857b2000 	C:\WINDOWS\SYSTEM32\kernel.appcore.dll
0x00007ffa70a70000 - 0x00007ffa70a81000 	C:\Program Files\OpenJDK\openjdk-11.0.15_10\bin\verify.dll
0x00007ffa85470000 - 0x00007ffa85654000 	C:\WINDOWS\SYSTEM32\DBGHELP.DLL
0x00007ffa6dba0000 - 0x00007ffa6dbcc000 	C:\WINDOWS\SYSTEM32\dbgcore.DLL
0x00007ffa87d20000 - 0x00007ffa87da2000 	C:\WINDOWS\System32\bcryptPrimitives.dll
0x00007ffa5cab0000 - 0x00007ffa5cad9000 	C:\Program Files\OpenJDK\openjdk-11.0.15_10\bin\java.dll
0x00007ffa81d90000 - 0x00007ffa81d9a000 	C:\Program Files\OpenJDK\openjdk-11.0.15_10\bin\jimage.dll
0x00007ffa6c420000 - 0x00007ffa6c438000 	C:\Program Files\OpenJDK\openjdk-11.0.15_10\bin\zip.dll
0x00007ffa898f0000 - 0x00007ffa8a034000 	C:\WINDOWS\System32\SHELL32.dll
0x00007ffa85930000 - 0x00007ffa860c4000 	C:\WINDOWS\SYSTEM32\windows.storage.dll
0x00007ffa88bc0000 - 0x00007ffa88f14000 	C:\WINDOWS\System32\combase.dll
0x00007ffa87290000 - 0x00007ffa872c0000 	C:\WINDOWS\SYSTEM32\Wldp.dll
0x00007ffa89760000 - 0x00007ffa8980d000 	C:\WINDOWS\System32\SHCORE.dll
0x00007ffa89890000 - 0x00007ffa898e5000 	C:\WINDOWS\System32\shlwapi.dll
0x00007ffa87770000 - 0x00007ffa8778f000 	C:\WINDOWS\SYSTEM32\profapi.dll
0x00007ffa6ed50000 - 0x00007ffa6ed69000 	C:\Program Files\OpenJDK\openjdk-11.0.15_10\bin\net.dll
0x00007ffa81390000 - 0x00007ffa8149a000 	C:\WINDOWS\SYSTEM32\WINHTTP.dll
0x00007ffa86ff0000 - 0x00007ffa8705a000 	C:\WINDOWS\system32\mswsock.dll
0x00007ffa641e0000 - 0x00007ffa641f3000 	C:\Program Files\OpenJDK\openjdk-11.0.15_10\bin\nio.dll
0x00007ffa709e0000 - 0x00007ffa70a07000 	C:\Users\Ahsan\.gradle\native\e1d6ef7f7dcc3fd88c89a11ec53ec762bb8ba0a96d01ffa2cd45eb1d1d8dd5c5\windows-amd64\native-platform.dll
0x00007ffa54f90000 - 0x00007ffa550d4000 	C:\Users\Ahsan\.gradle\native\5664cfc778a61ccfe75a443a1ab52a65af34e5dc3c78e0209fed803814484fcb\windows-amd64\native-platform-file-events.dll
0x00007ffa7c9b0000 - 0x00007ffa7c9b9000 	C:\Program Files\OpenJDK\openjdk-11.0.15_10\bin\management.dll
0x00007ffa7c9a0000 - 0x00007ffa7c9ac000 	C:\Program Files\OpenJDK\openjdk-11.0.15_10\bin\management_ext.dll
0x00007ffa871f0000 - 0x00007ffa87208000 	C:\WINDOWS\SYSTEM32\CRYPTSP.dll
0x00007ffa86900000 - 0x00007ffa86934000 	C:\WINDOWS\system32\rsaenh.dll
0x00007ffa879f0000 - 0x00007ffa87a17000 	C:\WINDOWS\System32\bcrypt.dll
0x00007ffa87730000 - 0x00007ffa8775e000 	C:\WINDOWS\SYSTEM32\USERENV.dll
0x00007ffa871e0000 - 0x00007ffa871ec000 	C:\WINDOWS\SYSTEM32\CRYPTBASE.dll
0x00007ffa86c90000 - 0x00007ffa86ccb000 	C:\WINDOWS\SYSTEM32\IPHLPAPI.DLL
0x00007ffa888a0000 - 0x00007ffa888a8000 	C:\WINDOWS\System32\NSI.dll
0x00007ffa7c8a0000 - 0x00007ffa7c8b7000 	C:\WINDOWS\SYSTEM32\dhcpcsvc6.DLL
0x00007ffa7e0d0000 - 0x00007ffa7e0ed000 	C:\WINDOWS\SYSTEM32\dhcpcsvc.DLL
0x00007ffa86cd0000 - 0x00007ffa86d9b000 	C:\WINDOWS\SYSTEM32\DNSAPI.dll

dbghelp: loaded successfully - version: 4.0.5 - missing functions: none
symbol engine: initialized successfully - sym options: 0x614 - pdb path: .;C:\Program Files\OpenJDK\openjdk-11.0.15_10\bin;C:\WINDOWS\SYSTEM32;C:\WINDOWS\WinSxS\amd64_microsoft.windows.common-controls_6595b64144ccf1df_6.0.19041.1110_none_60b5254171f9507e;C:\Program Files\OpenJDK\openjdk-11.0.15_10\bin\server;C:\Users\Ahsan\.gradle\native\e1d6ef7f7dcc3fd88c89a11ec53ec762bb8ba0a96d01ffa2cd45eb1d1d8dd5c5\windows-amd64;C:\Users\Ahsan\.gradle\native\5664cfc778a61ccfe75a443a1ab52a65af34e5dc3c78e0209fed803814484fcb\windows-amd64

VM Arguments:
jvm_args: -XX:MaxMetaspaceSize=512m --add-opens=java.base/java.util=ALL-UNNAMED --add-opens=java.base/java.lang=ALL-UNNAMED --add-opens=java.base/java.lang.invoke=ALL-UNNAMED --add-opens=java.base/java.util=ALL-UNNAMED --add-opens=java.prefs/java.util.prefs=ALL-UNNAMED --add-opens=java.prefs/java.util.prefs=ALL-UNNAMED --add-opens=java.base/java.nio.charset=ALL-UNNAMED --add-opens=java.base/java.net=ALL-UNNAMED --add-opens=java.base/java.util.concurrent.atomic=ALL-UNNAMED -Xmx2048m -Dfile.encoding=windows-1252 -Duser.country=US -Duser.language=en -Duser.variant 
java_command: org.gradle.launcher.daemon.bootstrap.GradleDaemon 7.3.3
java_class_path (initial): C:\Users\Ahsan\.gradle\wrapper\dists\gradle-7.3.3-all\4295vidhdd9hd3gbjyw1xqxpo\gradle-7.3.3\lib\gradle-launcher-7.3.3.jar
Launcher Type: SUN_STANDARD

[Global flags]
     intx CICompilerCount                          = 3                                         {product} {ergonomic}
   size_t CompressedClassSpaceSize                 = 528482304                                 {product} {ergonomic}
     uint ConcGCThreads                            = 1                                         {product} {ergonomic}
     uint G1ConcRefinementThreads                  = 4                                         {product} {ergonomic}
   size_t G1HeapRegionSize                         = 1048576                                   {product} {ergonomic}
    uintx GCDrainStackTargetSize                   = 64                                        {product} {ergonomic}
   size_t InitialHeapSize                          = 67108864                                  {product} {ergonomic}
   size_t MarkStackSize                            = 4194304                                   {product} {ergonomic}
   size_t MaxHeapSize                              = 2147483648                                {product} {command line}
   size_t MaxMetaspaceSize                         = 536870912                                 {product} {command line}
   size_t MaxNewSize                               = 1287651328                                {product} {ergonomic}
   size_t MinHeapDeltaBytes                        = 1048576                                   {product} {ergonomic}
    uintx NonNMethodCodeHeapSize                   = 5830732                                {pd product} {ergonomic}
    uintx NonProfiledCodeHeapSize                  = 122913754                              {pd product} {ergonomic}
    uintx ProfiledCodeHeapSize                     = 122913754                              {pd product} {ergonomic}
    uintx ReservedCodeCacheSize                    = 251658240                              {pd product} {ergonomic}
     bool SegmentedCodeCache                       = true                                      {product} {ergonomic}
     bool UseCompressedClassPointers               = true                                 {lp64_product} {ergonomic}
     bool UseCompressedOops                        = true                                 {lp64_product} {ergonomic}
     bool UseG1GC                                  = true                                      {product} {ergonomic}
     bool UseLargePagesIndividualAllocation        = false                                  {pd product} {ergonomic}

Logging:
Log output configuration:
 #0: stdout all=warning uptime,level,tags
 #1: stderr all=off uptime,level,tags

Environment Variables:
JAVA_HOME=C:\Program Files\OpenJDK\openjdk-11.0.15_10
CLASSPATH=D:\mernStack_todoApp\frontEnd\android\\gradle\wrapper\gradle-wrapper.jar
PATH=D:\mernStack_todoApp\frontEnd\android\node_modules\.bin;D:\mernStack_todoApp\frontEnd\node_modules\.bin;D:\mernStack_todoApp\node_modules\.bin;D:\node_modules\.bin;C:\Program Files\nodejs;D:\mernStack_todoApp\frontEnd\node_modules\.bin;D:\mernStack_todoApp\node_modules\.bin;D:\node_modules\.bin;C:\Users\Ahsan\AppData\Roaming\npm\node_modules\npm\node_modules\@npmcli\run-script\lib\node-gyp-bin;C:\Python310\Scripts\;C:\Python310\;C:\Python39\Scripts\;C:\Python39\;C:\Windows\system32;C:\Windows;C:\Windows\System32\Wbem;C:\Windows\System32\WindowsPowerShell\v1.0\;C:\Windows\System32\OpenSSH\;C:\Program Files (x86)\NVIDIA Corporation\PhysX\Common;C:\ProgramData\chocolatey\bin;C:\WINDOWS\system32;C:\WINDOWS;C:\WINDOWS\System32\Wbem;C:\WINDOWS\System32\WindowsPowerShell\v1.0\;C:\WINDOWS\System32\OpenSSH\;C:\Program Files\Git\cmd;C:\Program Files\nodejs\;C:\Program Files\OpenJDK\openjdk-11.0.15_10\bin;C:\Users\Ahsan\AppData\Local\Android\Sdk\platform-tools;C:\Users\Ahsan\AppData\Local\Microsoft\WindowsApps;C:\ProgramData\Ahsan\GitHubDesktop\bin;C:\Users\Ahsan\AppData\Local\Programs\Microsoft VS Code\bin;C:\Users\Ahsan\AppData\Local\GitHubDesktop\bin;C:\Users\Ahsan\AppData\Roaming\npm;C:\Program Files\MongoDB\Server\5.0\bin;;D:\mernStack_todoApp\frontEnd\node_modules\.bin
USERNAME=Ahsan
OS=Windows_NT
PROCESSOR_IDENTIFIER=Intel64 Family 6 Model 158 Stepping 9, GenuineIntel



---------------  S Y S T E M  ---------------

OS: Windows 10 , 64 bit Build 19041 (10.0.19041.1806)
OS uptime: 0 days 8:14 hours

CPU:total 4 (initial active 4) (4 cores per cpu, 1 threads per core) family 6 model 158 stepping 9 microcode 0xb4, cmov, cx8, fxsr, mmx, sse, sse2, sse3, ssse3, sse4.1, sse4.2, popcnt, avx, avx2, aes, clmul, erms, 3dnowpref, lzcnt, tsc, tscinvbit, bmi1, bmi2, adx, fma

Memory: 4k page, system-wide physical 3977M (87M free)
TotalPageFile size 13218M (AvailPageFile size 37M)
current process WorkingSet (physical memory assigned to process): 104M, peak: 119M
current process commit charge ("private bytes"): 209M, peak: 211M

vm_info: OpenJDK 64-Bit Server VM (11.0.15+10) for windows-amd64 JRE (11.0.15+10), built on Apr 21 2022 21:29:46 by "tester" with MS VC++ 15.5 (VS2017)

END.
